<?xml version="1.0" encoding="UTF-8"?>
<robot generator="Robot 7.4.1 (Python 3.13.5 on win32)" generated="2026-03-09T08:49:36.289979" rpa="false" schemaversion="5">
<suite id="s1" name="Kosar" source="C:\Users\PapOliver\Documents\GitHub\kosar">
<suite id="s1-s1" name="Checkout" source="C:\Users\PapOliver\Documents\GitHub\kosar\checkout.robot">
<test id="s1-s1-t1" name="Checkout" line="8">
<kw name="Login with standard user" owner="loginKeywords">
<kw name="Open Browser" owner="Selenium2Library">
<msg time="2026-03-09T08:49:36.596196" level="INFO">Opening browser 'firefox' to base url 'https://www.saucedemo.com/'.</msg>
<arg>https://www.saucedemo.com/</arg>
<arg>firefox</arg>
<doc>Opens a new browser instance to the optional ``url``.</doc>
<status status="PASS" start="2026-03-09T08:49:36.595877" elapsed="6.359975"/>
</kw>
<kw name="Input Text" owner="Selenium2Library">
<msg time="2026-03-09T08:49:42.956697" level="INFO">Typing text 'standard_user' into text field 'id:user-name'.</msg>
<arg>id:user-name</arg>
<arg>standard_user</arg>
<doc>Types the given ``text`` into the text field identified by ``locator``.</doc>
<status status="PASS" start="2026-03-09T08:49:42.956174" elapsed="0.100306"/>
</kw>
<kw name="Input Password" owner="Selenium2Library">
<msg time="2026-03-09T08:49:43.057073" level="INFO">Typing password into text field 'id:password'.</msg>
<msg time="2026-03-09T08:49:43.063169" level="INFO">Temporally setting log level to: NONE</msg>
<arg>id:password</arg>
<arg>secret_sauce</arg>
<doc>Types the given password into the text field identified by ``locator``.</doc>
<status status="PASS" start="2026-03-09T08:49:43.056743" elapsed="0.045835"/>
</kw>
<kw name="Click Button" owner="Selenium2Library">
<msg time="2026-03-09T08:49:43.103829" level="INFO">Clicking button 'id:login-button'.</msg>
<arg>id:login-button</arg>
<doc>Clicks the button identified by ``locator``.</doc>
<status status="PASS" start="2026-03-09T08:49:43.103114" elapsed="0.131786"/>
</kw>
<status status="PASS" start="2026-03-09T08:49:36.594975" elapsed="6.640777"/>
</kw>
<kw name="Checkoout">
<kw name="Click Element" owner="Selenium2Library">
<msg time="2026-03-09T08:49:43.242506" level="INFO">Clicking element '//*[@id="shopping_cart_container"]/a'.</msg>
<arg>//*[@id="shopping_cart_container"]/a</arg>
<doc>Click the element identified by ``locator``.</doc>
<status status="PASS" start="2026-03-09T08:49:43.241163" elapsed="0.087418"/>
</kw>
<kw name="Click Button" owner="Selenium2Library">
<msg time="2026-03-09T08:49:43.329141" level="INFO">Clicking button '//*[@id="checkout"]'.</msg>
<arg>//*[@id="checkout"]</arg>
<doc>Clicks the button identified by ``locator``.</doc>
<status status="PASS" start="2026-03-09T08:49:43.328812" elapsed="0.085293"/>
</kw>
<kw name="Input Text" owner="Selenium2Library">
<msg time="2026-03-09T08:49:43.415081" level="INFO">Typing text 'asd' into text field '//*[@id="last-name"]'.</msg>
<arg>//*[@id="last-name"]</arg>
<arg>text=asd</arg>
<doc>Types the given ``text`` into the text field identified by ``locator``.</doc>
<status status="PASS" start="2026-03-09T08:49:43.414509" elapsed="0.031801"/>
</kw>
<kw name="Input Text" owner="Selenium2Library">
<msg time="2026-03-09T08:49:43.446961" level="INFO">Typing text 'asd' into text field '//*[@id="postal-code"]'.</msg>
<arg>//*[@id="postal-code"]</arg>
<arg>text=asd</arg>
<doc>Types the given ``text`` into the text field identified by ``locator``.</doc>
<status status="PASS" start="2026-03-09T08:49:43.446576" elapsed="0.028599"/>
</kw>
<kw name="Click Button" owner="Selenium2Library">
<msg time="2026-03-09T08:49:43.475737" level="INFO">Clicking button '//*[@id="continue"]'.</msg>
<arg>//*[@id="continue"]</arg>
<doc>Clicks the button identified by ``locator``.</doc>
<status status="PASS" start="2026-03-09T08:49:43.475408" elapsed="0.073068"/>
</kw>
<kw name="Page Should Contain Element" owner="Selenium2Library">
<msg time="2026-03-09T08:49:43.551322" level="INFO">Current page contains element '//*[@id="checkout_info_container"]/div/form/div[1]/div[4]'.</msg>
<arg>//*[@id="checkout_info_container"]/div/form/div[1]/div[4]</arg>
<doc>Verifies that element ``locator`` is found on the current page.</doc>
<status status="PASS" start="2026-03-09T08:49:43.548701" elapsed="0.002825"/>
</kw>
<kw name="Click Button" owner="Selenium2Library">
<msg time="2026-03-09T08:49:43.552145" level="INFO">Clicking button '//*[@id="cancel"]'.</msg>
<arg>//*[@id="cancel"]</arg>
<doc>Clicks the button identified by ``locator``.</doc>
<status status="PASS" start="2026-03-09T08:49:43.551715" elapsed="0.073890"/>
</kw>
<kw name="Click Button" owner="Selenium2Library">
<msg time="2026-03-09T08:49:43.626143" level="INFO">Clicking button '//*[@id="continue-shopping"]'.</msg>
<arg>//*[@id="continue-shopping"]</arg>
<doc>Clicks the button identified by ``locator``.</doc>
<status status="PASS" start="2026-03-09T08:49:43.625831" elapsed="0.086995"/>
</kw>
<kw name="Click Element" owner="Selenium2Library">
<msg time="2026-03-09T08:49:43.715444" level="INFO">Clicking element '//*[@id="shopping_cart_container"]/a'.</msg>
<arg>//*[@id="shopping_cart_container"]/a</arg>
<doc>Click the element identified by ``locator``.</doc>
<status status="PASS" start="2026-03-09T08:49:43.713921" elapsed="0.111940"/>
</kw>
<kw name="Click Button" owner="Selenium2Library">
<msg time="2026-03-09T08:49:43.827873" level="INFO">Clicking button '//*[@id="checkout"]'.</msg>
<arg>//*[@id="checkout"]</arg>
<doc>Clicks the button identified by ``locator``.</doc>
<status status="PASS" start="2026-03-09T08:49:43.826715" elapsed="0.116072"/>
</kw>
<kw name="Input Text" owner="Selenium2Library">
<msg time="2026-03-09T08:49:43.944839" level="INFO">Typing text 'asd' into text field '//*[@id="first-name"]'.</msg>
<arg>//*[@id="first-name"]</arg>
<arg>text=asd</arg>
<doc>Types the given ``text`` into the text field identified by ``locator``.</doc>
<status status="PASS" start="2026-03-09T08:49:43.943631" elapsed="0.081536"/>
</kw>
<kw name="Input Text" owner="Selenium2Library">
<msg time="2026-03-09T08:49:44.026084" level="INFO">Typing text 'asd' into text field '//*[@id="postal-code"]'.</msg>
<arg>//*[@id="postal-code"]</arg>
<arg>text=asd</arg>
<doc>Types the given ``text`` into the text field identified by ``locator``.</doc>
<status status="PASS" start="2026-03-09T08:49:44.025545" elapsed="0.026771"/>
</kw>
<kw name="Click Button" owner="Selenium2Library">
<msg time="2026-03-09T08:49:44.052844" level="INFO">Clicking button '//*[@id="continue"]'.</msg>
<arg>//*[@id="continue"]</arg>
<doc>Clicks the button identified by ``locator``.</doc>
<status status="PASS" start="2026-03-09T08:49:44.052542" elapsed="0.068782"/>
</kw>
<kw name="Page Should Contain Element" owner="Selenium2Library">
<msg time="2026-03-09T08:49:44.131472" level="INFO">Current page contains element '//*[@id="checkout_info_container"]/div/form/div[1]/div[4]'.</msg>
<arg>//*[@id="checkout_info_container"]/div/form/div[1]/div[4]</arg>
<doc>Verifies that element ``locator`` is found on the current page.</doc>
<status status="PASS" start="2026-03-09T08:49:44.122187" elapsed="0.010167"/>
</kw>
<kw name="Click Button" owner="Selenium2Library">
<msg time="2026-03-09T08:49:44.135044" level="INFO">Clicking button '//*[@id="cancel"]'.</msg>
<arg>//*[@id="cancel"]</arg>
<doc>Clicks the button identified by ``locator``.</doc>
<status status="PASS" start="2026-03-09T08:49:44.133246" elapsed="0.120686"/>
</kw>
<kw name="Click Button" owner="Selenium2Library">
<msg time="2026-03-09T08:49:44.254511" level="INFO">Clicking button '//*[@id="continue-shopping"]'.</msg>
<arg>//*[@id="continue-shopping"]</arg>
<doc>Clicks the button identified by ``locator``.</doc>
<status status="PASS" start="2026-03-09T08:49:44.254176" elapsed="0.075854"/>
</kw>
<kw name="Click Element" owner="Selenium2Library">
<msg time="2026-03-09T08:49:44.330611" level="INFO">Clicking element '//*[@id="shopping_cart_container"]/a'.</msg>
<arg>//*[@id="shopping_cart_container"]/a</arg>
<doc>Click the element identified by ``locator``.</doc>
<status status="PASS" start="2026-03-09T08:49:44.330266" elapsed="0.066871"/>
</kw>
<kw name="Click Button" owner="Selenium2Library">
<msg time="2026-03-09T08:49:44.398637" level="INFO">Clicking button '//*[@id="checkout"]'.</msg>
<arg>//*[@id="checkout"]</arg>
<doc>Clicks the button identified by ``locator``.</doc>
<status status="PASS" start="2026-03-09T08:49:44.398000" elapsed="0.080902"/>
</kw>
<kw name="Input Text" owner="Selenium2Library">
<msg time="2026-03-09T08:49:44.480495" level="INFO">Typing text 'asd' into text field '//*[@id="first-name"]'.</msg>
<arg>//*[@id="first-name"]</arg>
<arg>text=asd</arg>
<doc>Types the given ``text`` into the text field identified by ``locator``.</doc>
<status status="PASS" start="2026-03-09T08:49:44.479499" elapsed="0.032487"/>
</kw>
<kw name="Input Text" owner="Selenium2Library">
<msg time="2026-03-09T08:49:44.512572" level="INFO">Typing text 'asd' into text field '//*[@id="last-name"]'.</msg>
<arg>//*[@id="last-name"]</arg>
<arg>text=asd</arg>
<doc>Types the given ``text`` into the text field identified by ``locator``.</doc>
<status status="PASS" start="2026-03-09T08:49:44.512227" elapsed="0.026130"/>
</kw>
<kw name="Click Button" owner="Selenium2Library">
<msg time="2026-03-09T08:49:44.538906" level="INFO">Clicking button '//*[@id="continue"]'.</msg>
<arg>//*[@id="continue"]</arg>
<doc>Clicks the button identified by ``locator``.</doc>
<status status="PASS" start="2026-03-09T08:49:44.538598" elapsed="0.068658"/>
</kw>
<kw name="Page Should Contain Element" owner="Selenium2Library">
<msg time="2026-03-09T08:49:44.618112" level="INFO">Current page contains element '//*[@id="checkout_info_container"]/div/form/div[1]/div[4]'.</msg>
<arg>//*[@id="checkout_info_container"]/div/form/div[1]/div[4]</arg>
<doc>Verifies that element ``locator`` is found on the current page.</doc>
<status status="PASS" start="2026-03-09T08:49:44.608183" elapsed="0.010808"/>
</kw>
<kw name="Click Button" owner="Selenium2Library">
<msg time="2026-03-09T08:49:44.621434" level="INFO">Clicking button '//*[@id="cancel"]'.</msg>
<arg>//*[@id="cancel"]</arg>
<doc>Clicks the button identified by ``locator``.</doc>
<status status="PASS" start="2026-03-09T08:49:44.619774" elapsed="0.117771"/>
</kw>
<kw name="Click Button" owner="Selenium2Library">
<msg time="2026-03-09T08:49:44.739524" level="INFO">Clicking button '//*[@id="continue-shopping"]'.</msg>
<arg>//*[@id="continue-shopping"]</arg>
<doc>Clicks the button identified by ``locator``.</doc>
<status status="PASS" start="2026-03-09T08:49:44.738378" elapsed="0.110084"/>
</kw>
<kw name="Click Element" owner="Selenium2Library">
<msg time="2026-03-09T08:49:44.850976" level="INFO">Clicking element '//*[@id="shopping_cart_container"]/a'.</msg>
<arg>//*[@id="shopping_cart_container"]/a</arg>
<doc>Click the element identified by ``locator``.</doc>
<status status="PASS" start="2026-03-09T08:49:44.849524" elapsed="0.092150"/>
</kw>
<kw name="Click Button" owner="Selenium2Library">
<msg time="2026-03-09T08:49:44.943694" level="INFO">Clicking button '//*[@id="checkout"]'.</msg>
<arg>//*[@id="checkout"]</arg>
<doc>Clicks the button identified by ``locator``.</doc>
<status status="PASS" start="2026-03-09T08:49:44.942540" elapsed="0.101765"/>
</kw>
<kw name="Click Element" owner="Selenium2Library">
<msg time="2026-03-09T08:49:45.045389" level="INFO">Clicking element '//*[@id="shopping_cart_container"]/a'.</msg>
<arg>//*[@id="shopping_cart_container"]/a</arg>
<doc>Click the element identified by ``locator``.</doc>
<status status="PASS" start="2026-03-09T08:49:45.044755" elapsed="0.073530"/>
</kw>
<kw name="Click Button" owner="Selenium2Library">
<msg time="2026-03-09T08:49:45.120319" level="INFO">Clicking button '//*[@id="checkout"]'.</msg>
<arg>//*[@id="checkout"]</arg>
<doc>Clicks the button identified by ``locator``.</doc>
<status status="PASS" start="2026-03-09T08:49:45.119161" elapsed="0.094051"/>
</kw>
<kw name="Click Button" owner="Selenium2Library">
<msg time="2026-03-09T08:49:45.215677" level="INFO">Clicking button '//*[@id="continue"]'.</msg>
<arg>//*[@id="continue"]</arg>
<doc>Clicks the button identified by ``locator``.</doc>
<status status="PASS" start="2026-03-09T08:49:45.214176" elapsed="0.080557"/>
</kw>
<kw name="Page Should Contain Element" owner="Selenium2Library">
<msg time="2026-03-09T08:49:45.298381" level="INFO">Current page contains element '//*[@id="checkout_info_container"]/div/form/div[1]/div[4]'.</msg>
<arg>//*[@id="checkout_info_container"]/div/form/div[1]/div[4]</arg>
<doc>Verifies that element ``locator`` is found on the current page.</doc>
<status status="PASS" start="2026-03-09T08:49:45.295000" elapsed="0.004162"/>
</kw>
<kw name="Click Button" owner="Selenium2Library">
<msg time="2026-03-09T08:49:45.300099" level="INFO">Clicking button '//*[@id="cancel"]'.</msg>
<arg>//*[@id="cancel"]</arg>
<doc>Clicks the button identified by ``locator``.</doc>
<status status="PASS" start="2026-03-09T08:49:45.299578" elapsed="0.075655"/>
</kw>
<kw name="Click Button" owner="Selenium2Library">
<msg time="2026-03-09T08:49:45.375844" level="INFO">Clicking button '//*[@id="continue-shopping"]'.</msg>
<arg>//*[@id="continue-shopping"]</arg>
<doc>Clicks the button identified by ``locator``.</doc>
<status status="PASS" start="2026-03-09T08:49:45.375489" elapsed="0.075212"/>
</kw>
<kw name="Click Element" owner="Selenium2Library">
<msg time="2026-03-09T08:49:45.451344" level="INFO">Clicking element '//*[@id="shopping_cart_container"]/a'.</msg>
<arg>//*[@id="shopping_cart_container"]/a</arg>
<doc>Click the element identified by ``locator``.</doc>
<status status="PASS" start="2026-03-09T08:49:45.450977" elapsed="0.062333"/>
</kw>
<kw name="Click Button" owner="Selenium2Library">
<msg time="2026-03-09T08:49:45.514120" level="INFO">Clicking button '//*[@id="checkout"]'.</msg>
<arg>//*[@id="checkout"]</arg>
<doc>Clicks the button identified by ``locator``.</doc>
<status status="PASS" start="2026-03-09T08:49:45.513600" elapsed="0.077201"/>
</kw>
<kw name="Input Text" owner="Selenium2Library">
<msg time="2026-03-09T08:49:45.591407" level="INFO">Typing text 'A*100' into text field '//*[@id="first-name"]'.</msg>
<arg>//*[@id="first-name"]</arg>
<arg>text=A*100</arg>
<doc>Types the given ``text`` into the text field identified by ``locator``.</doc>
<status status="PASS" start="2026-03-09T08:49:45.591045" elapsed="0.027707"/>
</kw>
<kw name="Input Text" owner="Selenium2Library">
<msg time="2026-03-09T08:49:45.619280" level="INFO">Typing text 'A*100' into text field '//*[@id="last-name"]'.</msg>
<arg>//*[@id="last-name"]</arg>
<arg>text=A*100</arg>
<doc>Types the given ``text`` into the text field identified by ``locator``.</doc>
<status status="PASS" start="2026-03-09T08:49:45.618972" elapsed="0.025067"/>
</kw>
<kw name="Input Text" owner="Selenium2Library">
<msg time="2026-03-09T08:49:45.644570" level="INFO">Typing text 'A*100' into text field '//*[@id="postal-code"]'.</msg>
<arg>//*[@id="postal-code"]</arg>
<arg>text=A*100</arg>
<doc>Types the given ``text`` into the text field identified by ``locator``.</doc>
<status status="PASS" start="2026-03-09T08:49:45.644259" elapsed="0.022237"/>
</kw>
<kw name="Click Button" owner="Selenium2Library">
<msg time="2026-03-09T08:49:45.667202" level="INFO">Clicking button '//*[@id="cancel"]'.</msg>
<arg>//*[@id="cancel"]</arg>
<doc>Clicks the button identified by ``locator``.</doc>
<status status="PASS" start="2026-03-09T08:49:45.666757" elapsed="0.076379"/>
</kw>
<kw name="Click Button" owner="Selenium2Library">
<msg time="2026-03-09T08:49:45.743653" level="INFO">Clicking button '//*[@id="continue-shopping"]'.</msg>
<arg>//*[@id="continue-shopping"]</arg>
<doc>Clicks the button identified by ``locator``.</doc>
<status status="PASS" start="2026-03-09T08:49:45.743349" elapsed="0.075458"/>
</kw>
<kw name="Click Element" owner="Selenium2Library">
<msg time="2026-03-09T08:49:45.819515" level="INFO">Clicking element '//*[@id="shopping_cart_container"]/a'.</msg>
<arg>//*[@id="shopping_cart_container"]/a</arg>
<doc>Click the element identified by ``locator``.</doc>
<status status="PASS" start="2026-03-09T08:49:45.819093" elapsed="0.064527"/>
</kw>
<kw name="Click Button" owner="Selenium2Library">
<msg time="2026-03-09T08:49:45.884998" level="INFO">Clicking button '//*[@id="checkout"]'.</msg>
<arg>//*[@id="checkout"]</arg>
<doc>Clicks the button identified by ``locator``.</doc>
<status status="PASS" start="2026-03-09T08:49:45.884427" elapsed="0.076912"/>
</kw>
<kw name="Input Text" owner="Selenium2Library">
<msg time="2026-03-09T08:49:45.962250" level="INFO">Typing text '$ß÷$ß&amp;@' into text field '//*[@id="first-name"]'.</msg>
<arg>//*[@id="first-name"]</arg>
<arg>text=$ß÷$ß&amp;@</arg>
<doc>Types the given ``text`` into the text field identified by ``locator``.</doc>
<status status="PASS" start="2026-03-09T08:49:45.961700" elapsed="0.033495"/>
</kw>
<kw name="Input Text" owner="Selenium2Library">
<msg time="2026-03-09T08:49:45.995726" level="INFO">Typing text '$ß÷$ß&amp;@' into text field '//*[@id="last-name"]'.</msg>
<arg>//*[@id="last-name"]</arg>
<arg>text=$ß÷$ß&amp;@</arg>
<doc>Types the given ``text`` into the text field identified by ``locator``.</doc>
<status status="PASS" start="2026-03-09T08:49:45.995417" elapsed="0.027265"/>
</kw>
<kw name="Input Text" owner="Selenium2Library">
<msg time="2026-03-09T08:49:46.023338" level="INFO">Typing text '$ß÷$ß&amp;@' into text field '//*[@id="postal-code"]'.</msg>
<arg>//*[@id="postal-code"]</arg>
<arg>text=$ß÷$ß&amp;@</arg>
<doc>Types the given ``text`` into the text field identified by ``locator``.</doc>
<status status="PASS" start="2026-03-09T08:49:46.022908" elapsed="0.024984"/>
</kw>
<kw name="Click Button" owner="Selenium2Library">
<msg time="2026-03-09T08:49:46.048786" level="INFO">Clicking button '//*[@id="cancel"]'.</msg>
<arg>//*[@id="cancel"]</arg>
<doc>Clicks the button identified by ``locator``.</doc>
<status status="PASS" start="2026-03-09T08:49:46.048217" elapsed="0.075569"/>
</kw>
<kw name="Click Button" owner="Selenium2Library">
<msg time="2026-03-09T08:49:46.124306" level="INFO">Clicking button '//*[@id="continue-shopping"]'.</msg>
<arg>//*[@id="continue-shopping"]</arg>
<doc>Clicks the button identified by ``locator``.</doc>
<status status="PASS" start="2026-03-09T08:49:46.124000" elapsed="0.070012"/>
</kw>
<kw name="Click Element" owner="Selenium2Library">
<msg time="2026-03-09T08:49:46.194604" level="INFO">Clicking element '//*[@id="shopping_cart_container"]/a'.</msg>
<arg>//*[@id="shopping_cart_container"]/a</arg>
<doc>Click the element identified by ``locator``.</doc>
<status status="PASS" start="2026-03-09T08:49:46.194256" elapsed="0.065670"/>
</kw>
<kw name="Click Button" owner="Selenium2Library">
<msg time="2026-03-09T08:49:46.260564" level="INFO">Clicking button '//*[@id="checkout"]'.</msg>
<arg>//*[@id="checkout"]</arg>
<doc>Clicks the button identified by ``locator``.</doc>
<status status="PASS" start="2026-03-09T08:49:46.260185" elapsed="0.071460"/>
</kw>
<kw name="Input Text" owner="Selenium2Library">
<msg time="2026-03-09T08:49:46.332494" level="INFO">Typing text '33333' into text field '//*[@id="first-name"]'.</msg>
<arg>//*[@id="first-name"]</arg>
<arg>text=33333</arg>
<doc>Types the given ``text`` into the text field identified by ``locator``.</doc>
<status status="PASS" start="2026-03-09T08:49:46.331994" elapsed="0.026014"/>
</kw>
<kw name="Input Text" owner="Selenium2Library">
<msg time="2026-03-09T08:49:46.358535" level="INFO">Typing text '22222' into text field '//*[@id="last-name"]'.</msg>
<arg>//*[@id="last-name"]</arg>
<arg>text=22222</arg>
<doc>Types the given ``text`` into the text field identified by ``locator``.</doc>
<status status="PASS" start="2026-03-09T08:49:46.358229" elapsed="0.024184"/>
</kw>
<kw name="Input Text" owner="Selenium2Library">
<msg time="2026-03-09T08:49:46.383229" level="INFO">Typing text '11111' into text field '//*[@id="postal-code"]'.</msg>
<arg>//*[@id="postal-code"]</arg>
<arg>text=11111</arg>
<doc>Types the given ``text`` into the text field identified by ``locator``.</doc>
<status status="PASS" start="2026-03-09T08:49:46.382788" elapsed="0.027573"/>
</kw>
<kw name="Click Button" owner="Selenium2Library">
<msg time="2026-03-09T08:49:46.410868" level="INFO">Clicking button '//*[@id="cancel"]'.</msg>
<arg>//*[@id="cancel"]</arg>
<doc>Clicks the button identified by ``locator``.</doc>
<status status="PASS" start="2026-03-09T08:49:46.410569" elapsed="0.075888"/>
</kw>
<kw name="Click Button" owner="Selenium2Library">
<msg time="2026-03-09T08:49:46.487239" level="INFO">Clicking button '//*[@id="continue-shopping"]'.</msg>
<arg>//*[@id="continue-shopping"]</arg>
<doc>Clicks the button identified by ``locator``.</doc>
<status status="PASS" start="2026-03-09T08:49:46.486783" elapsed="0.077374"/>
</kw>
<kw name="Click Element" owner="Selenium2Library">
<msg time="2026-03-09T08:49:46.564981" level="INFO">Clicking element '//*[@id="shopping_cart_container"]/a'.</msg>
<arg>//*[@id="shopping_cart_container"]/a</arg>
<doc>Click the element identified by ``locator``.</doc>
<status status="PASS" start="2026-03-09T08:49:46.564501" elapsed="0.063764"/>
</kw>
<kw name="Click Button" owner="Selenium2Library">
<msg time="2026-03-09T08:49:46.628783" level="INFO">Clicking button '//*[@id="checkout"]'.</msg>
<arg>//*[@id="checkout"]</arg>
<doc>Clicks the button identified by ``locator``.</doc>
<status status="PASS" start="2026-03-09T08:49:46.628482" elapsed="0.074460"/>
</kw>
<kw name="Input Text" owner="Selenium2Library">
<msg time="2026-03-09T08:49:46.705033" level="INFO">Typing text 'Lakatos' into text field '//*[@id="first-name"]'.</msg>
<arg>//*[@id="first-name"]</arg>
<arg>text=Lakatos</arg>
<doc>Types the given ``text`` into the text field identified by ``locator``.</doc>
<status status="PASS" start="2026-03-09T08:49:46.703772" elapsed="0.037927"/>
</kw>
<kw name="Input Text" owner="Selenium2Library">
<msg time="2026-03-09T08:49:46.742227" level="INFO">Typing text 'Katatlan' into text field '//*[@id="last-name"]'.</msg>
<arg>//*[@id="last-name"]</arg>
<arg>text=Katatlan</arg>
<doc>Types the given ``text`` into the text field identified by ``locator``.</doc>
<status status="PASS" start="2026-03-09T08:49:46.741916" elapsed="0.024763"/>
</kw>
<kw name="Input Text" owner="Selenium2Library">
<msg time="2026-03-09T08:49:46.767612" level="INFO">Typing text 'Cig' into text field '//*[@id="postal-code"]'.</msg>
<arg>//*[@id="postal-code"]</arg>
<arg>text=Cig</arg>
<doc>Types the given ``text`` into the text field identified by ``locator``.</doc>
<status status="PASS" start="2026-03-09T08:49:46.767095" elapsed="0.021854"/>
</kw>
<kw name="Click Button" owner="Selenium2Library">
<msg time="2026-03-09T08:49:46.789471" level="INFO">Clicking button '//*[@id="continue"]'.</msg>
<arg>//*[@id="continue"]</arg>
<doc>Clicks the button identified by ``locator``.</doc>
<status status="PASS" start="2026-03-09T08:49:46.789174" elapsed="0.069456"/>
</kw>
<kw name="Click Button" owner="Selenium2Library">
<msg time="2026-03-09T08:49:46.859136" level="INFO">Clicking button '//*[@id="cancel"]'.</msg>
<arg>//*[@id="cancel"]</arg>
<doc>Clicks the button identified by ``locator``.</doc>
<status status="PASS" start="2026-03-09T08:49:46.858844" elapsed="0.070717"/>
</kw>
<status status="PASS" start="2026-03-09T08:49:43.239415" elapsed="3.690333"/>
</kw>
<kw name="Sleep" owner="BuiltIn">
<msg time="2026-03-09T08:49:47.931342" level="INFO">Slept 1 second.</msg>
<arg>1s</arg>
<doc>Pauses the test executed for the given time.</doc>
<status status="PASS" start="2026-03-09T08:49:46.930086" elapsed="1.002170"/>
</kw>
<kw name="Close All Browsers" owner="Selenium2Library">
<doc>Closes all open browsers and resets the browser cache.</doc>
<status status="PASS" start="2026-03-09T08:49:47.933830" elapsed="2.943493"/>
</kw>
<status status="PASS" start="2026-03-09T08:49:36.591190" elapsed="14.286508"/>
</test>
<status status="PASS" start="2026-03-09T08:49:36.335727" elapsed="14.549314"/>
</suite>
<status status="PASS" start="2026-03-09T08:49:36.294913" elapsed="14.602136"/>
</suite>
<statistics>
<total>
<stat pass="1" fail="0" skip="0">All Tests</stat>
</total>
<tag>
</tag>
<suite>
<stat name="Kosar" id="s1" pass="1" fail="0" skip="0">Kosar</stat>
<stat name="Checkout" id="s1-s1" pass="1" fail="0" skip="0">Kosar.Checkout</stat>
</suite>
</statistics>
<errors>
</errors>
</robot>
